<?xml version="1.0" encoding="UTF-8"?>
<!-- Generated by org.testng.reporters.JUnitReportReporter -->
<testsuite skipped="0" hostname="DERIW42SLPC1327" name="basicSelenium.SeleniumClass3" tests="1" failures="0" timestamp="19 Jun 2019 14:32:52 GMT" time="16.707" errors="0">
  <testcase name="test" time="16.707" classname="basicSelenium.SeleniumClass3"/>
</testsuite> <!-- basicSelenium.SeleniumClass3 -->
