<?xml version="1.0" encoding="UTF-8"?>
<!-- Generated by org.testng.reporters.JUnitReportReporter -->
<testsuite skipped="0" hostname="DERIW42SLPC1327" name="basicAnnotations.TestNGClass2" tests="4" failures="0" timestamp="12 Jun 2019 15:50:45 GMT" time="0.033" errors="0">
  <testcase name="est2" time="0.003" classname="basicAnnotations.TestNGClass2"/>
  <testcase name="est2" time="0.015" classname="basicAnnotations.TestNGClass2"/>
  <testcase name="test1" time="0.015" classname="basicAnnotations.TestNGClass2"/>
  <testcase name="test1" time="0.000" classname="basicAnnotations.TestNGClass2"/>
</testsuite> <!-- basicAnnotations.TestNGClass2 -->
