<?xml version="1.0" encoding="UTF-8"?>
<!-- Generated by org.testng.reporters.JUnitReportReporter -->
<testsuite skipped="0" hostname="DERIW42SLPC1327" name="basicAnnotations.TestNGClass4" tests="5" failures="0" timestamp="13 Jun 2019 16:11:02 GMT" time="0.020" errors="0">
  <testcase name="test" time="0.000" classname="basicAnnotations.TestNGClass4"/>
  <testcase name="test" time="0.004" classname="basicAnnotations.TestNGClass4"/>
  <testcase name="test" time="0.012" classname="basicAnnotations.TestNGClass4"/>
  <testcase name="test" time="0.004" classname="basicAnnotations.TestNGClass4"/>
  <testcase name="test" time="0.000" classname="basicAnnotations.TestNGClass4"/>
</testsuite> <!-- basicAnnotations.TestNGClass4 -->
