<?xml version="1.0" encoding="UTF-8"?>
<!-- Generated by org.testng.reporters.JUnitReportReporter -->
<testsuite skipped="0" hostname="DERIW42SLPC1327" name="basicAnnotations.TestNGClass3" tests="1" failures="0" timestamp="12 Jun 2019 16:02:08 GMT" time="0.016" errors="0">
  <testcase name="test3" time="0.016" classname="basicAnnotations.TestNGClass3"/>
</testsuite> <!-- basicAnnotations.TestNGClass3 -->
