<?xml version="1.0" encoding="UTF-8"?>
<!-- Generated by org.testng.reporters.JUnitReportReporter -->
<testsuite skipped="0" hostname="DERIW42SLPC1327" name="basicSelenium.LaunchBrowser" tests="1" failures="0" timestamp="17 Jun 2019 15:40:02 GMT" time="24.329" errors="0">
  <testcase name="login" time="24.329" classname="basicSelenium.LaunchBrowser"/>
</testsuite> <!-- basicSelenium.LaunchBrowser -->
