<?xml version="1.0" encoding="UTF-8"?>
<!-- Generated by org.testng.reporters.JUnitReportReporter -->
<testsuite skipped="0" hostname="DERIW42SLPC1327" name="basicSelenium.SeleniumClass2" tests="1" failures="0" timestamp="17 Jun 2019 16:08:32 GMT" time="17.315" errors="0">
  <testcase name="login" time="17.315" classname="basicSelenium.SeleniumClass2"/>
</testsuite> <!-- basicSelenium.SeleniumClass2 -->
