<?xml version="1.0" encoding="UTF-8"?>
<!-- Generated by org.testng.reporters.JUnitReportReporter -->
<testsuite skipped="0" hostname="DERIW42SLPC1327" name="testScripts.TC_Login" tests="1" failures="0" timestamp="28 Jun 2019 16:59:49 GMT" time="15.793" errors="0">
  <testcase name="script" time="15.793" classname="testScripts.TC_Login"/>
</testsuite> <!-- testScripts.TC_Login -->
